<?xml version="1.0" encoding="UTF-8"?>
<!-- Generated by org.testng.reporters.JUnitXMLReporter -->
<testsuite hostname="gopal-PC" ignored="4" name="Default test" tests="1" failures="0" timestamp="08 Jul 2019 19:54:46 GMT" time="66.619" errors="0">
  <testcase name="verifyEveningDresslinkVisibleTest" time="0.673" classname="com.qa.pages.TestCases.HomePageTest"/>
  <testcase name="ContactsPageTest" time="0.0" classname="com.qa.pages.TestCases.HomePageTest">
    <ignored/>
  </testcase> <!-- ContactsPageTest -->
  <testcase name="HomePageText" time="0.0" classname="com.qa.pages.TestCases.HomePageTest">
    <ignored/>
  </testcase> <!-- HomePageText -->
  <testcase name="PageLogoTest" time="0.0" classname="com.qa.pages.TestCases.HomePageTest">
    <ignored/>
  </testcase> <!-- PageLogoTest -->
  <testcase name="SignInBtnTest" time="0.0" classname="com.qa.pages.TestCases.HomePageTest">
    <ignored/>
  </testcase> <!-- SignInBtnTest -->
</testsuite> <!-- Default test -->
